<?xml version="1.0" encoding="UTF-8"?>
<!-- Generated by org.testng.reporters.JUnitXMLReporter -->
<testsuite ignored="0" hostname="AVIs" failures="0" tests="1" name="Default test" time="5.154" errors="0" timestamp="2021-09-18T14:41:55 IST">
  <testcase classname="com.btf.qa.BasicTestFramework.CheckAddEmployeefunction" name="@BeforeTest initialize" time="5.037">
    <failure type="org.openqa.selenium.SessionNotCreatedException" message="session not created: This version of ChromeDriver only supports Chrome version 91
Current browser version is 93.0.4577.82 with binary path C:\Program Files\Google\Chrome\Application\chrome.exe
Build info: version: &amp;apos;3.141.59&amp;apos;, revision: &amp;apos;e82be7d358&amp;apos;, time: &amp;apos;2018-11-14T08:17:03&amp;apos;
System info: host: &amp;apos;AVIS&amp;apos;, ip: &amp;apos;192.168.1.2&amp;apos;, os.name: &amp;apos;Windows 10&amp;apos;, os.arch: &amp;apos;amd64&amp;apos;, os.version: &amp;apos;10.0&amp;apos;, java.version: &amp;apos;15.0.2&amp;apos;
Driver info: driver.version: ChromeDriver
remote stacktrace: Backtrace:
	Ordinal0 [0x00CC2DB3+2502067]
	Ordinal0 [0x00C5C5B1+2082225]
	Ordinal0 [0x00B62498+1057944]
	Ordinal0 [0x00B805DA+1181146]
	Ordinal0 [0x00B7C43C+1164348]
	Ordinal0 [0x00B79C73+1154163]
	Ordinal0 [0x00BA9A22+1350178]
	Ordinal0 [0x00BA967A+1349242]
	Ordinal0 [0x00BA5BEB+1334251]
	Ordinal0 [0x00B82174+1188212]
	Ordinal0 [0x00B83009+1191945]
	GetHandleVerifier [0x00E3EC5C+1511084]
	GetHandleVerifier [0x00EE8522+2205554]
	GetHandleVerifier [0x00D43393+480739]
	GetHandleVerifier [0x00D42579+477129]
	Ordinal0 [0x00C61E5D+2104925]
	Ordinal0 [0x00C663F8+2122744]
	Ordinal0 [0x00C66537+2123063]
	Ordinal0 [0x00C6EE53+2158163]
	BaseThreadInitThunk [0x7699FA29+25]
	RtlGetAppContainerNamedObjectPath [0x77437A7E+286]
	RtlGetAppContainerNamedObjectPath [0x77437A4E+238]
">
      <![CDATA[org.openqa.selenium.SessionNotCreatedException: session not created: This version of ChromeDriver only supports Chrome version 91
Current browser version is 93.0.4577.82 with binary path C:\Program Files\Google\Chrome\Application\chrome.exe
Build info: version: '3.141.59', revision: 'e82be7d358', time: '2018-11-14T08:17:03'
System info: host: 'AVIS', ip: '192.168.1.2', os.name: 'Windows 10', os.arch: 'amd64', os.version: '10.0', java.version: '15.0.2'
Driver info: driver.version: ChromeDriver
remote stacktrace: Backtrace:
Ordinal0 [0x00CC2DB3+2502067]
Ordinal0 [0x00C5C5B1+2082225]
Ordinal0 [0x00B62498+1057944]
Ordinal0 [0x00B805DA+1181146]
Ordinal0 [0x00B7C43C+1164348]
Ordinal0 [0x00B79C73+1154163]
Ordinal0 [0x00BA9A22+1350178]
Ordinal0 [0x00BA967A+1349242]
Ordinal0 [0x00BA5BEB+1334251]
Ordinal0 [0x00B82174+1188212]
Ordinal0 [0x00B83009+1191945]
GetHandleVerifier [0x00E3EC5C+1511084]
GetHandleVerifier [0x00EE8522+2205554]
GetHandleVerifier [0x00D43393+480739]
GetHandleVerifier [0x00D42579+477129]
Ordinal0 [0x00C61E5D+2104925]
Ordinal0 [0x00C663F8+2122744]
Ordinal0 [0x00C66537+2123063]
Ordinal0 [0x00C6EE53+2158163]
BaseThreadInitThunk [0x7699FA29+25]
RtlGetAppContainerNamedObjectPath [0x77437A7E+286]
RtlGetAppContainerNamedObjectPath [0x77437A4E+238]

at java.base/jdk.internal.reflect.NativeConstructorAccessorImpl.newInstance0(Native Method)
at java.base/jdk.internal.reflect.NativeConstructorAccessorImpl.newInstance(NativeConstructorAccessorImpl.java:64)
at java.base/jdk.internal.reflect.DelegatingConstructorAccessorImpl.newInstance(DelegatingConstructorAccessorImpl.java:45)
at java.base/java.lang.reflect.Constructor.newInstanceWithCaller(Constructor.java:500)
at java.base/java.lang.reflect.Constructor.newInstance(Constructor.java:481)
at org.openqa.selenium.remote.W3CHandshakeResponse.lambda$errorHandler$0(W3CHandshakeResponse.java:62)
at org.openqa.selenium.remote.HandshakeResponse.lambda$getResponseFunction$0(HandshakeResponse.java:30)
at org.openqa.selenium.remote.ProtocolHandshake.lambda$createSession$0(ProtocolHandshake.java:126)
at java.base/java.util.stream.ReferencePipeline$3$1.accept(ReferencePipeline.java:195)
at java.base/java.util.Spliterators$ArraySpliterator.tryAdvance(Spliterators.java:958)
at java.base/java.util.stream.ReferencePipeline.forEachWithCancel(ReferencePipeline.java:127)
at java.base/java.util.stream.AbstractPipeline.copyIntoWithCancel(AbstractPipeline.java:502)
at java.base/java.util.stream.AbstractPipeline.copyInto(AbstractPipeline.java:488)
at java.base/java.util.stream.AbstractPipeline.wrapAndCopyInto(AbstractPipeline.java:474)
at java.base/java.util.stream.FindOps$FindOp.evaluateSequential(FindOps.java:150)
at java.base/java.util.stream.AbstractPipeline.evaluate(AbstractPipeline.java:234)
at java.base/java.util.stream.ReferencePipeline.findFirst(ReferencePipeline.java:543)
at org.openqa.selenium.remote.ProtocolHandshake.createSession(ProtocolHandshake.java:128)
at org.openqa.selenium.remote.ProtocolHandshake.createSession(ProtocolHandshake.java:74)
at org.openqa.selenium.remote.HttpCommandExecutor.execute(HttpCommandExecutor.java:136)
at org.openqa.selenium.remote.service.DriverCommandExecutor.execute(DriverCommandExecutor.java:83)
at org.openqa.selenium.remote.RemoteWebDriver.execute(RemoteWebDriver.java:552)
at org.openqa.selenium.remote.RemoteWebDriver.startSession(RemoteWebDriver.java:213)
at org.openqa.selenium.remote.RemoteWebDriver.<init>(RemoteWebDriver.java:131)
at org.openqa.selenium.chrome.ChromeDriver.<init>(ChromeDriver.java:181)
at org.openqa.selenium.chrome.ChromeDriver.<init>(ChromeDriver.java:168)
at org.openqa.selenium.chrome.ChromeDriver.<init>(ChromeDriver.java:123)
at com.btf.qa.resources.base.initializeDriver(base.java:31)
at com.btf.qa.BasicTestFramework.CheckAddEmployeefunction.initialize(CheckAddEmployeefunction.java:24)
at java.base/jdk.internal.reflect.NativeMethodAccessorImpl.invoke0(Native Method)
at java.base/jdk.internal.reflect.NativeMethodAccessorImpl.invoke(NativeMethodAccessorImpl.java:64)
at java.base/jdk.internal.reflect.DelegatingMethodAccessorImpl.invoke(DelegatingMethodAccessorImpl.java:43)
at java.base/java.lang.reflect.Method.invoke(Method.java:564)
at org.testng.internal.MethodInvocationHelper.invokeMethod(MethodInvocationHelper.java:133)
at org.testng.internal.MethodInvocationHelper.invokeMethodConsideringTimeout(MethodInvocationHelper.java:62)
at org.testng.internal.ConfigInvoker.invokeConfigurationMethod(ConfigInvoker.java:385)
at org.testng.internal.ConfigInvoker.invokeConfigurations(ConfigInvoker.java:321)
at org.testng.TestRunner.invokeTestConfigurations(TestRunner.java:637)
at org.testng.TestRunner.beforeRun(TestRunner.java:627)
at org.testng.TestRunner.run(TestRunner.java:589)
at org.testng.SuiteRunner.runTest(SuiteRunner.java:377)
at org.testng.SuiteRunner.runSequentially(SuiteRunner.java:371)
at org.testng.SuiteRunner.privateRun(SuiteRunner.java:332)
at org.testng.SuiteRunner.run(SuiteRunner.java:276)
at org.testng.SuiteRunnerWorker.runSuite(SuiteRunnerWorker.java:53)
at org.testng.SuiteRunnerWorker.run(SuiteRunnerWorker.java:96)
at org.testng.TestNG.runSuitesSequentially(TestNG.java:1212)
at org.testng.TestNG.runSuitesLocally(TestNG.java:1134)
at org.testng.TestNG.runSuites(TestNG.java:1063)
at org.testng.TestNG.run(TestNG.java:1031)
at org.testng.remote.AbstractRemoteTestNG.run(AbstractRemoteTestNG.java:115)
at org.testng.remote.RemoteTestNG.initAndRun(RemoteTestNG.java:251)
at org.testng.remote.RemoteTestNG.main(RemoteTestNG.java:77)
]]>
    </failure>
  </testcase> <!-- @BeforeTest initialize -->
  <testcase classname="com.btf.qa.BasicTestFramework.CheckAddEmployeefunction" name="@AfterTest teardown" time="-1.631956315178E9">
    <skipped/>
  </testcase> <!-- @AfterTest teardown -->
  <testcase classname="com.btf.qa.BasicTestFramework.CheckAddEmployeefunction" name="checkAssignLeaveWorks" time="0.0">
    <skipped/>
  </testcase> <!-- checkAssignLeaveWorks -->
</testsuite> <!-- Default test -->
