<?xml version="1.0" encoding="UTF-8"?>
<!-- Generated by org.testng.reporters.JUnitXMLReporter -->
<testsuite ignored="0" hostname="AVIs" failures="0" tests="2" name="Default test" time="25.977" errors="0" timestamp="2021-10-31T14:18:26 IST">
  <testcase classname="com.btf.qa.BasicTestFramework.CheckAddEmployeefunction" name="checkEmptyAssignLeaveErrors" time="12.61"/>
  <testcase classname="com.btf.qa.BasicTestFramework.CheckAddEmployeefunction" name="checkAddEmployeeWorks" time="9.189"/>
</testsuite> <!-- Default test -->
