<?xml version="1.0" encoding="UTF-8"?>
<!-- Generated by org.testng.reporters.JUnitXMLReporter -->
<testsuite ignored="0" hostname="AVIs" failures="2" tests="2" name="Check Unsuccessful login" time="9.688" errors="0" timestamp="2021-10-16T23:43:41 IST">
  <testcase classname="com.btf.qa.BasicTestFramework.CheckLoginUnsuccessfulMessage" name="loginUnsuccessful" time="7.235">
    <failure type="junit.framework.AssertionFailedError" message="expected:&amp;lt;Invalid credentials&amp;gt; but was:&amp;lt;[[ChromeDriver: chrome on WINDOWS (432b541177e1a5166a59e2e1ea80a1ae)] -&amp;gt; id: spanMessage]&amp;gt;">
      <![CDATA[junit.framework.AssertionFailedError: expected:<Invalid credentials> but was:<[[ChromeDriver: chrome on WINDOWS (432b541177e1a5166a59e2e1ea80a1ae)] -> id: spanMessage]>
at junit.framework.Assert.fail(Assert.java:57)
at junit.framework.Assert.failNotEquals(Assert.java:329)
at junit.framework.Assert.assertEquals(Assert.java:78)
at junit.framework.Assert.assertEquals(Assert.java:86)
at com.btf.qa.BasicTestFramework.CheckLoginUnsuccessfulMessage.loginUnsuccessful(CheckLoginUnsuccessfulMessage.java:44)
at java.base/java.util.ArrayList.forEach(ArrayList.java:1511)
... Removed 27 stack frames]]>
    </failure>
  </testcase> <!-- loginUnsuccessful -->
  <testcase classname="com.btf.qa.BasicTestFramework.CheckLoginUnsuccessfulMessage" name="loginUnsuccessful" time="7.25">
    <failure type="java.lang.NullPointerException" message="Cannot invoke &amp;quot;org.openqa.selenium.TakesScreenshot.getScreenshotAs(org.openqa.selenium.OutputType)&amp;quot; because &amp;quot;ts&amp;quot; is null">
      <![CDATA[java.lang.NullPointerException: Cannot invoke "org.openqa.selenium.TakesScreenshot.getScreenshotAs(org.openqa.selenium.OutputType)" because "ts" is null
at com.btf.qa.resources.base.getScreenShotPath(base.java:57)
at com.btf.qa.BasicTestFramework.Listeners.onTestFailure(Listeners.java:51)
at java.base/java.util.ArrayList.forEach(ArrayList.java:1511)
... Removed 24 stack frames]]>
    </failure>
  </testcase> <!-- loginUnsuccessful -->
</testsuite> <!-- Check Unsuccessful login -->
