<?xml version="1.0" encoding="UTF-8"?>
<!-- Generated by org.testng.reporters.JUnitXMLReporter -->
<testsuite ignored="0" hostname="AVIs" failures="0" tests="2" name="Check Employees can be added" time="25.544" errors="0" timestamp="2021-10-31T14:21:18 IST">
  <testcase classname="com.btf.qa.BasicTestFramework.CheckAddEmployeefunction" name="checkEmptyAssignLeaveErrors" time="13.233"/>
  <testcase classname="com.btf.qa.BasicTestFramework.CheckAddEmployeefunction" name="checkAddEmployeeWorks" time="9.581"/>
</testsuite> <!-- Check Employees can be added -->
