<?xml version="1.0" encoding="UTF-8"?>
<!-- Generated by org.testng.reporters.JUnitXMLReporter -->
<testsuite ignored="0" hostname="AVIs" failures="1" tests="1" name="Check Unsuccessful login" time="8.029" errors="0" timestamp="2021-10-31T14:21:26 IST">
  <testcase classname="com.btf.qa.BasicTestFramework.CheckLoginUnsuccessfulMessage" name="loginUnsuccessful" time="5.865">
    <failure type="junit.framework.ComparisonFailure" message="expected:&amp;lt;Invalid credentials[ss]&amp;gt; but was:&amp;lt;Invalid credentials[]&amp;gt;">
      <![CDATA[junit.framework.ComparisonFailure: expected:<Invalid credentials[ss]> but was:<Invalid credentials[]>
at junit.framework.Assert.assertEquals(Assert.java:100)
at junit.framework.Assert.assertEquals(Assert.java:107)
at com.btf.qa.BasicTestFramework.CheckLoginUnsuccessfulMessage.loginUnsuccessful(CheckLoginUnsuccessfulMessage.java:44)
at java.base/java.util.ArrayList.forEach(ArrayList.java:1511)
... Removed 27 stack frames]]>
    </failure>
  </testcase> <!-- loginUnsuccessful -->
</testsuite> <!-- Check Unsuccessful login -->
