<?xml version="1.0" encoding="UTF-8"?>
<!-- Generated by org.testng.reporters.JUnitXMLReporter -->
<testsuite ignored="0" hostname="AVIs" failures="1" tests="1" name="Validating Homepage" time="10.494" errors="0" timestamp="2021-06-27T20:48:10 IST">
  <testcase classname="com.btf.qa.BasicTestFramework.HomePage" name="basePageNavigation" time="0.1">
    <failure type="java.lang.AssertionError" message="expected [FEATURED ] but found [FEATURED COURSES]">
      <![CDATA[java.lang.AssertionError: expected [FEATURED ] but found [FEATURED COURSES]
at com.btf.qa.BasicTestFramework.HomePage.basePageNavigation(HomePage.java:34)
at java.base/java.util.ArrayList.forEach(ArrayList.java:1511)
... Removed 33 stack frames]]>
    </failure>
  </testcase> <!-- basePageNavigation -->
</testsuite> <!-- Validating Homepage -->
