<?xml version="1.0" encoding="UTF-8"?>
<!-- Generated by org.testng.reporters.JUnitXMLReporter -->
<testsuite ignored="0" hostname="AVIs" failures="0" tests="2" name="Validating the title" time="94.466" errors="0" timestamp="2021-06-27T20:49:45 IST">
  <testcase classname="com.btf.qa.BasicTestFramework.ValidateTitle" name="basePageNavigation" time="83.199"/>
  <testcase classname="com.btf.qa.BasicTestFramework.ValidateTitle" name="basePageNavigation" time="9.294"/>
</testsuite> <!-- Validating the title -->
