<?xml version="1.0" encoding="UTF-8"?>
<testng-results ignored="0" total="6" passed="4" failed="2" skipped="0">
  <reporter-output>
  </reporter-output>
  <suite started-at="2022-06-13T07:54:20 IST" name="Suite" finished-at="2022-06-13T07:56:35 IST" duration-ms="134931">
    <groups>
    </groups>
    <test started-at="2022-06-13T07:54:20 IST" name="Validating Login Success" finished-at="2022-06-13T07:54:36 IST" duration-ms="15551">
      <class name="com.btf.qa.BasicTestFramework.CheckLoginSuccess">
        <test-method is-config="true" signature="initialize()[pri:0, instance:com.btf.qa.BasicTestFramework.CheckLoginSuccess@346a361]" started-at="2022-06-13T07:54:20 IST" name="initialize" finished-at="2022-06-13T07:54:26 IST" duration-ms="5827" status="PASS">
          <reporter-output>
          </reporter-output>
        </test-method> <!-- initialize -->
        <test-method signature="loginSuccess()[pri:0, instance:com.btf.qa.BasicTestFramework.CheckLoginSuccess@346a361]" started-at="2022-06-13T07:54:26 IST" name="loginSuccess" finished-at="2022-06-13T07:54:34 IST" duration-ms="8134" status="PASS">
          <reporter-output>
          </reporter-output>
        </test-method> <!-- loginSuccess -->
        <test-method is-config="true" signature="teardown()[pri:0, instance:com.btf.qa.BasicTestFramework.CheckLoginSuccess@346a361]" started-at="2022-06-13T07:54:34 IST" name="teardown" finished-at="2022-06-13T07:54:36 IST" duration-ms="1508" status="PASS">
          <reporter-output>
          </reporter-output>
        </test-method> <!-- teardown -->
      </class> <!-- com.btf.qa.BasicTestFramework.CheckLoginSuccess -->
    </test> <!-- Validating Login Success -->
    <test started-at="2022-06-13T07:54:36 IST" name="Check leaves can be assigned" finished-at="2022-06-13T07:55:26 IST" duration-ms="49990">
      <class name="com.btf.qa.BasicTestFramework.CheckAssignLeaveAccessible">
        <test-method is-config="true" signature="initialize()[pri:0, instance:com.btf.qa.BasicTestFramework.CheckAssignLeaveAccessible@757d6814]" started-at="2022-06-13T07:54:36 IST" name="initialize" finished-at="2022-06-13T07:54:39 IST" duration-ms="3027" status="PASS">
          <reporter-output>
          </reporter-output>
        </test-method> <!-- initialize -->
        <test-method signature="checkAssignLeaveWorks()[pri:0, instance:com.btf.qa.BasicTestFramework.CheckAssignLeaveAccessible@757d6814]" started-at="2022-06-13T07:54:39 IST" name="checkAssignLeaveWorks" finished-at="2022-06-13T07:55:26 IST" duration-ms="46690" status="PASS">
          <reporter-output>
          </reporter-output>
        </test-method> <!-- checkAssignLeaveWorks -->
        <test-method is-config="true" signature="teardown()[pri:0, instance:com.btf.qa.BasicTestFramework.CheckAssignLeaveAccessible@757d6814]" started-at="2022-06-13T07:55:26 IST" name="teardown" finished-at="2022-06-13T07:55:26 IST" duration-ms="264" status="PASS">
          <reporter-output>
          </reporter-output>
        </test-method> <!-- teardown -->
      </class> <!-- com.btf.qa.BasicTestFramework.CheckAssignLeaveAccessible -->
    </test> <!-- Check leaves can be assigned -->
    <test started-at="2022-06-13T07:55:27 IST" name="Check Employees can be added" finished-at="2022-06-13T07:55:57 IST" duration-ms="30273">
      <class name="com.btf.qa.BasicTestFramework.CheckAddEmployeefunction">
        <test-method is-config="true" signature="initialize()[pri:0, instance:com.btf.qa.BasicTestFramework.CheckAddEmployeefunction@4fad94a7]" started-at="2022-06-13T07:55:27 IST" name="initialize" finished-at="2022-06-13T07:55:32 IST" duration-ms="4803" status="PASS">
          <reporter-output>
          </reporter-output>
        </test-method> <!-- initialize -->
        <test-method signature="checkEmptyAssignLeaveErrors()[pri:1, instance:com.btf.qa.BasicTestFramework.CheckAddEmployeefunction@4fad94a7]" started-at="2022-06-13T07:55:32 IST" name="checkEmptyAssignLeaveErrors" finished-at="2022-06-13T07:55:46 IST" duration-ms="13674" status="PASS">
          <reporter-output>
          </reporter-output>
        </test-method> <!-- checkEmptyAssignLeaveErrors -->
        <test-method signature="checkAddEmployeeWorks()[pri:2, instance:com.btf.qa.BasicTestFramework.CheckAddEmployeefunction@4fad94a7]" started-at="2022-06-13T07:55:46 IST" name="checkAddEmployeeWorks" finished-at="2022-06-13T07:55:57 IST" duration-ms="11125" status="FAIL">
          <exception class="org.openqa.selenium.NoSuchElementException">
            <message>
              <![CDATA[no such element: Unable to locate element: {"method":"css selector","selector":"#txtUsername"}
  (Session info: chrome=102.0.5005.115)
For documentation on this error, please visit: https://www.seleniumhq.org/exceptions/no_such_element.html
Build info: version: '3.141.59', revision: 'e82be7d358', time: '2018-11-14T08:17:03'
System info: host: 'AVIS', ip: '192.168.1.7', os.name: 'Windows 10', os.arch: 'amd64', os.version: '10.0', java.version: '15.0.2'
Driver info: org.openqa.selenium.chrome.ChromeDriver
Capabilities {acceptInsecureCerts: false, browserName: chrome, browserVersion: 102.0.5005.115, chrome: {chromedriverVersion: 102.0.5005.61 (0e59bcc00cc4..., userDataDir: C:\Users\irosh\AppData\Loca...}, goog:chromeOptions: {debuggerAddress: localhost:59642}, javascriptEnabled: true, networkConnectionEnabled: false, pageLoadStrategy: normal, platform: WINDOWS, platformName: WINDOWS, proxy: Proxy(), setWindowRect: true, strictFileInteractability: false, timeouts: {implicit: 0, pageLoad: 300000, script: 30000}, unhandledPromptBehavior: dismiss and notify, webauthn:extension:credBlob: true, webauthn:extension:largeBlob: true, webauthn:virtualAuthenticators: true}
Session ID: df7534ed9162db6586bab5472149829a
*** Element info: {Using=id, value=txtUsername}]]>
            </message>
            <full-stacktrace>
              <![CDATA[org.openqa.selenium.NoSuchElementException: no such element: Unable to locate element: {"method":"css selector","selector":"#txtUsername"}
  (Session info: chrome=102.0.5005.115)
For documentation on this error, please visit: https://www.seleniumhq.org/exceptions/no_such_element.html
Build info: version: '3.141.59', revision: 'e82be7d358', time: '2018-11-14T08:17:03'
System info: host: 'AVIS', ip: '192.168.1.7', os.name: 'Windows 10', os.arch: 'amd64', os.version: '10.0', java.version: '15.0.2'
Driver info: org.openqa.selenium.chrome.ChromeDriver
Capabilities {acceptInsecureCerts: false, browserName: chrome, browserVersion: 102.0.5005.115, chrome: {chromedriverVersion: 102.0.5005.61 (0e59bcc00cc4..., userDataDir: C:\Users\irosh\AppData\Loca...}, goog:chromeOptions: {debuggerAddress: localhost:59642}, javascriptEnabled: true, networkConnectionEnabled: false, pageLoadStrategy: normal, platform: WINDOWS, platformName: WINDOWS, proxy: Proxy(), setWindowRect: true, strictFileInteractability: false, timeouts: {implicit: 0, pageLoad: 300000, script: 30000}, unhandledPromptBehavior: dismiss and notify, webauthn:extension:credBlob: true, webauthn:extension:largeBlob: true, webauthn:virtualAuthenticators: true}
Session ID: df7534ed9162db6586bab5472149829a
*** Element info: {Using=id, value=txtUsername}
at java.base/jdk.internal.reflect.NativeConstructorAccessorImpl.newInstance0(Native Method)
at java.base/jdk.internal.reflect.NativeConstructorAccessorImpl.newInstance(NativeConstructorAccessorImpl.java:64)
at java.base/jdk.internal.reflect.DelegatingConstructorAccessorImpl.newInstance(DelegatingConstructorAccessorImpl.java:45)
at java.base/java.lang.reflect.Constructor.newInstanceWithCaller(Constructor.java:500)
at java.base/java.lang.reflect.Constructor.newInstance(Constructor.java:481)
at org.openqa.selenium.remote.http.W3CHttpResponseCodec.createException(W3CHttpResponseCodec.java:187)
at org.openqa.selenium.remote.http.W3CHttpResponseCodec.decode(W3CHttpResponseCodec.java:122)
at org.openqa.selenium.remote.http.W3CHttpResponseCodec.decode(W3CHttpResponseCodec.java:49)
at org.openqa.selenium.remote.HttpCommandExecutor.execute(HttpCommandExecutor.java:158)
at org.openqa.selenium.remote.service.DriverCommandExecutor.execute(DriverCommandExecutor.java:83)
at org.openqa.selenium.remote.RemoteWebDriver.execute(RemoteWebDriver.java:552)
at org.openqa.selenium.remote.RemoteWebDriver.findElement(RemoteWebDriver.java:323)
at org.openqa.selenium.remote.RemoteWebDriver.findElementById(RemoteWebDriver.java:372)
at org.openqa.selenium.By$ById.findElement(By.java:188)
at org.openqa.selenium.remote.RemoteWebDriver.findElement(RemoteWebDriver.java:315)
at org.openqa.selenium.support.pagefactory.DefaultElementLocator.findElement(DefaultElementLocator.java:69)
at org.openqa.selenium.support.pagefactory.internal.LocatingElementHandler.invoke(LocatingElementHandler.java:38)
at com.sun.proxy.$Proxy28.sendKeys(Unknown Source)
at com.btf.qa.resources.base.login(base.java:79)
at com.btf.qa.BasicTestFramework.CheckAddEmployeefunction.checkAddEmployeeWorks(CheckAddEmployeefunction.java:68)
at java.base/jdk.internal.reflect.NativeMethodAccessorImpl.invoke0(Native Method)
at java.base/jdk.internal.reflect.NativeMethodAccessorImpl.invoke(NativeMethodAccessorImpl.java:64)
at java.base/jdk.internal.reflect.DelegatingMethodAccessorImpl.invoke(DelegatingMethodAccessorImpl.java:43)
at java.base/java.lang.reflect.Method.invoke(Method.java:564)
at org.testng.internal.MethodInvocationHelper.invokeMethod(MethodInvocationHelper.java:133)
at org.testng.internal.TestInvoker.invokeMethod(TestInvoker.java:598)
at org.testng.internal.TestInvoker.invokeTestMethod(TestInvoker.java:173)
at org.testng.internal.MethodRunner.runInSequence(MethodRunner.java:46)
at org.testng.internal.TestInvoker$MethodInvocationAgent.invoke(TestInvoker.java:824)
at org.testng.internal.TestInvoker.invokeTestMethods(TestInvoker.java:146)
at org.testng.internal.TestMethodWorker.invokeTestMethods(TestMethodWorker.java:146)
at org.testng.internal.TestMethodWorker.run(TestMethodWorker.java:128)
at java.base/java.util.ArrayList.forEach(ArrayList.java:1511)
at org.testng.TestRunner.privateRun(TestRunner.java:794)
at org.testng.TestRunner.run(TestRunner.java:596)
at org.testng.SuiteRunner.runTest(SuiteRunner.java:377)
at org.testng.SuiteRunner.runSequentially(SuiteRunner.java:371)
at org.testng.SuiteRunner.privateRun(SuiteRunner.java:332)
at org.testng.SuiteRunner.run(SuiteRunner.java:276)
at org.testng.SuiteRunnerWorker.runSuite(SuiteRunnerWorker.java:53)
at org.testng.SuiteRunnerWorker.run(SuiteRunnerWorker.java:96)
at org.testng.TestNG.runSuitesSequentially(TestNG.java:1212)
at org.testng.TestNG.runSuitesLocally(TestNG.java:1134)
at org.testng.TestNG.runSuites(TestNG.java:1063)
at org.testng.TestNG.run(TestNG.java:1031)
at org.testng.remote.AbstractRemoteTestNG.run(AbstractRemoteTestNG.java:115)
at org.testng.remote.RemoteTestNG.initAndRun(RemoteTestNG.java:251)
at org.testng.remote.RemoteTestNG.main(RemoteTestNG.java:77)
]]>
            </full-stacktrace>
          </exception> <!-- org.openqa.selenium.NoSuchElementException -->
          <reporter-output>
          </reporter-output>
        </test-method> <!-- checkAddEmployeeWorks -->
        <test-method is-config="true" signature="teardown()[pri:0, instance:com.btf.qa.BasicTestFramework.CheckAddEmployeefunction@4fad94a7]" started-at="2022-06-13T07:55:57 IST" name="teardown" finished-at="2022-06-13T07:55:57 IST" duration-ms="272" status="PASS">
          <reporter-output>
          </reporter-output>
        </test-method> <!-- teardown -->
      </class> <!-- com.btf.qa.BasicTestFramework.CheckAddEmployeefunction -->
    </test> <!-- Check Employees can be added -->
    <test started-at="2022-06-13T07:55:57 IST" name="Check Unsuccessful login" finished-at="2022-06-13T07:56:25 IST" duration-ms="27527">
      <class name="com.btf.qa.BasicTestFramework.CheckLoginUnsuccessfulMessage">
        <test-method is-config="true" signature="initialize()[pri:0, instance:com.btf.qa.BasicTestFramework.CheckLoginUnsuccessfulMessage@4fe89c24]" started-at="2022-06-13T07:55:57 IST" name="initialize" finished-at="2022-06-13T07:56:03 IST" duration-ms="5848" status="PASS">
          <reporter-output>
          </reporter-output>
        </test-method> <!-- initialize -->
        <test-method signature="loginUnsuccessful()[pri:0, instance:com.btf.qa.BasicTestFramework.CheckLoginUnsuccessfulMessage@4fe89c24]" started-at="2022-06-13T07:56:03 IST" name="loginUnsuccessful" finished-at="2022-06-13T07:56:24 IST" duration-ms="21075" status="FAIL">
          <exception class="org.openqa.selenium.NoSuchElementException">
            <message>
              <![CDATA[no such element: Unable to locate element: {"method":"css selector","selector":"#spanMessage"}
  (Session info: chrome=102.0.5005.115)
For documentation on this error, please visit: https://www.seleniumhq.org/exceptions/no_such_element.html
Build info: version: '3.141.59', revision: 'e82be7d358', time: '2018-11-14T08:17:03'
System info: host: 'AVIS', ip: '192.168.1.7', os.name: 'Windows 10', os.arch: 'amd64', os.version: '10.0', java.version: '15.0.2'
Driver info: org.openqa.selenium.chrome.ChromeDriver
Capabilities {acceptInsecureCerts: false, browserName: chrome, browserVersion: 102.0.5005.115, chrome: {chromedriverVersion: 102.0.5005.61 (0e59bcc00cc4..., userDataDir: C:\Users\irosh\AppData\Loca...}, goog:chromeOptions: {debuggerAddress: localhost:59667}, javascriptEnabled: true, networkConnectionEnabled: false, pageLoadStrategy: normal, platform: WINDOWS, platformName: WINDOWS, proxy: Proxy(), setWindowRect: true, strictFileInteractability: false, timeouts: {implicit: 0, pageLoad: 300000, script: 30000}, unhandledPromptBehavior: dismiss and notify, webauthn:extension:credBlob: true, webauthn:extension:largeBlob: true, webauthn:virtualAuthenticators: true}
Session ID: 66dd948a171ca7dd00de486f539dcca7
*** Element info: {Using=id, value=spanMessage}]]>
            </message>
            <full-stacktrace>
              <![CDATA[org.openqa.selenium.NoSuchElementException: no such element: Unable to locate element: {"method":"css selector","selector":"#spanMessage"}
  (Session info: chrome=102.0.5005.115)
For documentation on this error, please visit: https://www.seleniumhq.org/exceptions/no_such_element.html
Build info: version: '3.141.59', revision: 'e82be7d358', time: '2018-11-14T08:17:03'
System info: host: 'AVIS', ip: '192.168.1.7', os.name: 'Windows 10', os.arch: 'amd64', os.version: '10.0', java.version: '15.0.2'
Driver info: org.openqa.selenium.chrome.ChromeDriver
Capabilities {acceptInsecureCerts: false, browserName: chrome, browserVersion: 102.0.5005.115, chrome: {chromedriverVersion: 102.0.5005.61 (0e59bcc00cc4..., userDataDir: C:\Users\irosh\AppData\Loca...}, goog:chromeOptions: {debuggerAddress: localhost:59667}, javascriptEnabled: true, networkConnectionEnabled: false, pageLoadStrategy: normal, platform: WINDOWS, platformName: WINDOWS, proxy: Proxy(), setWindowRect: true, strictFileInteractability: false, timeouts: {implicit: 0, pageLoad: 300000, script: 30000}, unhandledPromptBehavior: dismiss and notify, webauthn:extension:credBlob: true, webauthn:extension:largeBlob: true, webauthn:virtualAuthenticators: true}
Session ID: 66dd948a171ca7dd00de486f539dcca7
*** Element info: {Using=id, value=spanMessage}
at java.base/jdk.internal.reflect.NativeConstructorAccessorImpl.newInstance0(Native Method)
at java.base/jdk.internal.reflect.NativeConstructorAccessorImpl.newInstance(NativeConstructorAccessorImpl.java:64)
at java.base/jdk.internal.reflect.DelegatingConstructorAccessorImpl.newInstance(DelegatingConstructorAccessorImpl.java:45)
at java.base/java.lang.reflect.Constructor.newInstanceWithCaller(Constructor.java:500)
at java.base/java.lang.reflect.Constructor.newInstance(Constructor.java:481)
at org.openqa.selenium.remote.http.W3CHttpResponseCodec.createException(W3CHttpResponseCodec.java:187)
at org.openqa.selenium.remote.http.W3CHttpResponseCodec.decode(W3CHttpResponseCodec.java:122)
at org.openqa.selenium.remote.http.W3CHttpResponseCodec.decode(W3CHttpResponseCodec.java:49)
at org.openqa.selenium.remote.HttpCommandExecutor.execute(HttpCommandExecutor.java:158)
at org.openqa.selenium.remote.service.DriverCommandExecutor.execute(DriverCommandExecutor.java:83)
at org.openqa.selenium.remote.RemoteWebDriver.execute(RemoteWebDriver.java:552)
at org.openqa.selenium.remote.RemoteWebDriver.findElement(RemoteWebDriver.java:323)
at org.openqa.selenium.remote.RemoteWebDriver.findElementById(RemoteWebDriver.java:372)
at org.openqa.selenium.By$ById.findElement(By.java:188)
at org.openqa.selenium.remote.RemoteWebDriver.findElement(RemoteWebDriver.java:315)
at org.openqa.selenium.support.pagefactory.DefaultElementLocator.findElement(DefaultElementLocator.java:69)
at org.openqa.selenium.support.pagefactory.internal.LocatingElementHandler.invoke(LocatingElementHandler.java:38)
at com.sun.proxy.$Proxy28.getText(Unknown Source)
at com.btf.qa.BasicTestFramework.CheckLoginUnsuccessfulMessage.loginUnsuccessful(CheckLoginUnsuccessfulMessage.java:38)
at java.base/jdk.internal.reflect.NativeMethodAccessorImpl.invoke0(Native Method)
at java.base/jdk.internal.reflect.NativeMethodAccessorImpl.invoke(NativeMethodAccessorImpl.java:64)
at java.base/jdk.internal.reflect.DelegatingMethodAccessorImpl.invoke(DelegatingMethodAccessorImpl.java:43)
at java.base/java.lang.reflect.Method.invoke(Method.java:564)
at org.testng.internal.MethodInvocationHelper.invokeMethod(MethodInvocationHelper.java:133)
at org.testng.internal.TestInvoker.invokeMethod(TestInvoker.java:598)
at org.testng.internal.TestInvoker.invokeTestMethod(TestInvoker.java:173)
at org.testng.internal.MethodRunner.runInSequence(MethodRunner.java:46)
at org.testng.internal.TestInvoker$MethodInvocationAgent.invoke(TestInvoker.java:824)
at org.testng.internal.TestInvoker.invokeTestMethods(TestInvoker.java:146)
at org.testng.internal.TestMethodWorker.invokeTestMethods(TestMethodWorker.java:146)
at org.testng.internal.TestMethodWorker.run(TestMethodWorker.java:128)
at java.base/java.util.ArrayList.forEach(ArrayList.java:1511)
at org.testng.TestRunner.privateRun(TestRunner.java:794)
at org.testng.TestRunner.run(TestRunner.java:596)
at org.testng.SuiteRunner.runTest(SuiteRunner.java:377)
at org.testng.SuiteRunner.runSequentially(SuiteRunner.java:371)
at org.testng.SuiteRunner.privateRun(SuiteRunner.java:332)
at org.testng.SuiteRunner.run(SuiteRunner.java:276)
at org.testng.SuiteRunnerWorker.runSuite(SuiteRunnerWorker.java:53)
at org.testng.SuiteRunnerWorker.run(SuiteRunnerWorker.java:96)
at org.testng.TestNG.runSuitesSequentially(TestNG.java:1212)
at org.testng.TestNG.runSuitesLocally(TestNG.java:1134)
at org.testng.TestNG.runSuites(TestNG.java:1063)
at org.testng.TestNG.run(TestNG.java:1031)
at org.testng.remote.AbstractRemoteTestNG.run(AbstractRemoteTestNG.java:115)
at org.testng.remote.RemoteTestNG.initAndRun(RemoteTestNG.java:251)
at org.testng.remote.RemoteTestNG.main(RemoteTestNG.java:77)
]]>
            </full-stacktrace>
          </exception> <!-- org.openqa.selenium.NoSuchElementException -->
          <reporter-output>
          </reporter-output>
        </test-method> <!-- loginUnsuccessful -->
        <test-method is-config="true" signature="teardown()[pri:0, instance:com.btf.qa.BasicTestFramework.CheckLoginUnsuccessfulMessage@4fe89c24]" started-at="2022-06-13T07:56:25 IST" name="teardown" finished-at="2022-06-13T07:56:25 IST" duration-ms="345" status="PASS">
          <reporter-output>
          </reporter-output>
        </test-method> <!-- teardown -->
      </class> <!-- com.btf.qa.BasicTestFramework.CheckLoginUnsuccessfulMessage -->
    </test> <!-- Check Unsuccessful login -->
    <test started-at="2022-06-13T07:56:25 IST" name="Validate title" finished-at="2022-06-13T07:56:35 IST" duration-ms="10110">
      <class name="com.btf.qa.BasicTestFramework.ValidateTitle">
        <test-method is-config="true" signature="initialize()[pri:0, instance:com.btf.qa.BasicTestFramework.ValidateTitle@165b8a71]" started-at="2022-06-13T07:56:25 IST" name="initialize" finished-at="2022-06-13T07:56:27 IST" duration-ms="1883" status="PASS">
          <reporter-output>
          </reporter-output>
        </test-method> <!-- initialize -->
        <test-method signature="basePageNavigation()[pri:0, instance:com.btf.qa.BasicTestFramework.ValidateTitle@165b8a71]" started-at="2022-06-13T07:56:27 IST" name="basePageNavigation" finished-at="2022-06-13T07:56:35 IST" duration-ms="7949" status="PASS">
          <reporter-output>
          </reporter-output>
        </test-method> <!-- basePageNavigation -->
        <test-method is-config="true" signature="teardown()[pri:0, instance:com.btf.qa.BasicTestFramework.ValidateTitle@165b8a71]" started-at="2022-06-13T07:56:35 IST" name="teardown" finished-at="2022-06-13T07:56:35 IST" duration-ms="272" status="PASS">
          <reporter-output>
          </reporter-output>
        </test-method> <!-- teardown -->
      </class> <!-- com.btf.qa.BasicTestFramework.ValidateTitle -->
    </test> <!-- Validate title -->
  </suite> <!-- Suite -->
</testng-results>
