<?xml version="1.0" encoding="UTF-8"?>
<testng-results ignored="0" total="1" passed="1" failed="0" skipped="0">
  <reporter-output>
  </reporter-output>
  <suite started-at="2021-10-03T19:43:10 IST" name="Default suite" finished-at="2021-10-03T19:43:31 IST" duration-ms="20241">
    <groups>
    </groups>
    <test started-at="2021-10-03T19:43:10 IST" name="Default test" finished-at="2021-10-03T19:43:31 IST" duration-ms="20241">
      <class name="com.btf.qa.BasicTestFramework.CheckAddEmployeefunction">
        <test-method is-config="true" signature="initialize()[pri:0, instance:com.btf.qa.BasicTestFramework.CheckAddEmployeefunction@45fd9a4d]" started-at="2021-10-03T19:43:10 IST" name="initialize" finished-at="2021-10-03T19:43:16 IST" duration-ms="5757" status="PASS">
          <reporter-output>
          </reporter-output>
        </test-method> <!-- initialize -->
        <test-method is-config="true" signature="settingUpProperties()[pri:0, instance:com.btf.qa.BasicTestFramework.CheckAddEmployeefunction@45fd9a4d]" started-at="2021-10-03T19:43:16 IST" name="settingUpProperties" finished-at="2021-10-03T19:43:16 IST" duration-ms="6" status="PASS">
          <reporter-output>
          </reporter-output>
        </test-method> <!-- settingUpProperties -->
        <test-method signature="checkAssignLeaveWorks()[pri:0, instance:com.btf.qa.BasicTestFramework.CheckAddEmployeefunction@45fd9a4d]" started-at="2021-10-03T19:43:16 IST" name="checkAssignLeaveWorks" finished-at="2021-10-03T19:43:30 IST" duration-ms="14160" status="PASS">
          <reporter-output>
          </reporter-output>
        </test-method> <!-- checkAssignLeaveWorks -->
        <test-method is-config="true" signature="teardown()[pri:0, instance:com.btf.qa.BasicTestFramework.CheckAddEmployeefunction@45fd9a4d]" started-at="2021-10-03T19:43:30 IST" name="teardown" finished-at="2021-10-03T19:43:31 IST" duration-ms="220" status="PASS">
          <reporter-output>
          </reporter-output>
        </test-method> <!-- teardown -->
      </class> <!-- com.btf.qa.BasicTestFramework.CheckAddEmployeefunction -->
    </test> <!-- Default test -->
  </suite> <!-- Default suite -->
</testng-results>
